#
# A fatal error has been detected by the Java Runtime Environment:
#
#  EXCEPTION_ACCESS_VIOLATION (0xc0000005) at pc=0x0000000000000000, pid=21720, tid=6624
#
# JRE version: OpenJDK Runtime Environment Temurin-17.0.3+7 (17.0.3+7) (build 17.0.3+7)
# Java VM: OpenJDK 64-Bit Server VM Temurin-17.0.3+7 (17.0.3+7, mixed mode, tiered, compressed oops, compressed class ptrs, parallel gc, windows-amd64)
# Problematic frame:
# C  0x0000000000000000
#
# No core dump will be written. Minidumps are not enabled by default on client versions of Windows
#
# If you would like to submit a bug report, please visit:
#   https://github.com/adoptium/adoptium-support/issues
#

---------------  S U M M A R Y ------------

Command Line: --add-modules=ALL-SYSTEM --add-opens=java.base/java.util=ALL-UNNAMED --add-opens=java.base/java.lang=ALL-UNNAMED --add-opens=java.base/sun.nio.fs=ALL-UNNAMED -Declipse.application=org.eclipse.jdt.ls.core.id1 -Dosgi.bundles.defaultStartLevel=4 -Declipse.product=org.eclipse.jdt.ls.core.product -Djava.import.generatesMetadataFilesAtProjectRoot=false -Dfile.encoding=utf8 -DwatchParentProcess=false -XX:+UseParallelGC -XX:GCTimeRatio=4 -XX:AdaptiveSizePolicyWeight=90 -Dsun.zip.disableMemoryMapping=true -Xmx1G -Xms100m -XX:+HeapDumpOnOutOfMemoryError -XX:HeapDumpPath=c:\Users\Tanesh\AppData\Roaming\Code\User\workspaceStorage\1fd0c22128ff8ac9e9743a637f3076f4\redhat.java c:\Users\Tanesh\.vscode\extensions\redhat.java-1.8.0-win32-x64\server\plugins\org.eclipse.equinox.launcher_1.6.400.v20210924-0641.jar -configuration c:\Users\Tanesh\AppData\Roaming\Code\User\globalStorage\redhat.java\1.8.0\config_win -data c:\Users\Tanesh\AppData\Roaming\Code\User\workspaceStorage\1fd0c22128ff8ac9e9743a637f3076f4\redhat.java\jdt_ws

Host: Intel(R) Core(TM) i5-10210U CPU @ 1.60GHz, 8 cores, 7G,  Windows 10 , 64 bit Build 19041 (10.0.19041.1741)
Time: Thu Jul  7 10:38:45 2022 Mauritius Standard Time elapsed time: 1710.909612 seconds (0d 0h 28m 30s)

---------------  T H R E A D  ---------------

Current thread (0x0000020d52b683e0):  GCTaskThread "GC Thread#3" [stack: 0x00000059c7500000,0x00000059c7600000] [id=6624]

Stack: [0x00000059c7500000,0x00000059c7600000],  sp=0x00000059c75ff4c8,  free space=1021k
Native frames: (J=compiled Java code, j=interpreted, Vv=VM code, C=native code)


siginfo: EXCEPTION_ACCESS_VIOLATION (0xc0000005), data execution prevention violation at address 0x0000000000000000


Register to memory mapping:

RIP=0x0 is NULL
RAX={method} {0x0000020d4fc00730} 'clone' '()Ljava/lang/Object;' in 'java/lang/Object'
RBX=
[error occurred during error reporting (printing register info), id 0xc0000005, EXCEPTION_ACCESS_VIOLATION (0xc0000005) at pc=0x0000000000000000]

Registers:
RAX=0x0000020d4fc00728, RBX=0x00000000ce115db0, RCX=0x0000000100057600, RDX=0x00000000ce115db0
RSP=0x00000059c75ff4c8, RBP=0x00000059c75ff5d0, RSI=0x00000000ce115db0, RDI=0x0000020d4f893650
R8 =0x0000000100057600, R9 =0x00000000000708ae, R10=0x0000000000000000, R11=0x0000000000000003
R12=0x0000000000000000, R13=0x00000059c75ff740, R14=0x0000000100053dc0, R15=0x00000000ce115d98
RIP=0x0000000000000000, EFLAGS=0x0000000000010246

Top of Stack: (sp=0x00000059c75ff4c8)
0x00000059c75ff4c8:   00007ffabc589242 00000000ce115d98
0x00000059c75ff4d8:   0000000000000003 00000059c75ff5d0
0x00000059c75ff4e8:   00007ffabc588089 0000020d4f893650
0x00000059c75ff4f8:   00007ffabc586b22 00000000ce115db0
0x00000059c75ff508:   0000000100778238 00000000cd6e6418
0x00000059c75ff518:   00007ffabc587dcf 0000000100053db8
0x00000059c75ff528:   00007ffabc58739e 00000000ce115dac
0x00000059c75ff538:   00007ffabc5888fe 00000000ce1158a0
0x00000059c75ff548:   00000000ce115898 00007ffabc9f46c0
0x00000059c75ff558:   00007ffabc7f7b10 000000000000582f
0x00000059c75ff568:   00007ffabc588c39 00007ffabc88f608
0x00000059c75ff578:   0000020d4f893650 00000059c75ff5d9
0x00000059c75ff588:   0000000000005830 0000000000000001
0x00000059c75ff598:   00007ffabc2e9d7a 0000020d51ebca58
0x00000059c75ff5a8:   00007ffa00000000 00000059c75ff660
0x00000059c75ff5b8:   00000059c75ff660 00000059c75ff660 

Instructions: (pc=0x0000000000000000)
0xffffffffffffff00:   


Stack slot to memory mapping:
stack at sp + 0 slots: 0x00007ffabc589242 jvm.dll
stack at sp + 1 slots: 0x00000000ce115d98 is an oop: java.util.ArrayList 
{0x00000000ce115d98} - klass: 'java/util/ArrayList'
 - ---- fields (total size 3 words):
 - protected transient 'modCount' 'I' @12  1
 - private 'size' 'I' @16  1
 - transient 'elementData' '[Ljava/lang/Object;' @20  
[error occurred during error reporting (inspecting top of stack), id 0xc0000005, EXCEPTION_ACCESS_VIOLATION (0xc0000005) at pc=0x0000020d4fc000c0]


---------------  P R O C E S S  ---------------

Threads class SMR info:
_java_thread_list=0x0000020d5667e140, length=45, elements={
0x0000020d39bb1460, 0x0000020d51eb4d70, 0x0000020d51eb5970, 0x0000020d51ec6fa0,
0x0000020d4f98cec0, 0x0000020d4f98e020, 0x0000020d4f98e8e0, 0x0000020d51eee760,
0x0000020d51ef6d20, 0x0000020d51ef7620, 0x0000020d51fd7fe0, 0x0000020d520f1df0,
0x0000020d527203e0, 0x0000020d52b64730, 0x0000020d52b64c00, 0x0000020d52b17010,
0x0000020d530beb10, 0x0000020d53463720, 0x0000020d534640c0, 0x0000020d534628b0,
0x0000020d5310a090, 0x0000020d5310d0b0, 0x0000020d53107ee0, 0x0000020d530cf4a0,
0x0000020d530d1ff0, 0x0000020d530d2e60, 0x0000020d530d4670, 0x0000020d5310c240,
0x0000020d53105d30, 0x0000020d53106200, 0x0000020d530d07e0, 0x0000020d53463bf0,
0x0000020d561ab4f0, 0x0000020d561aa1b0, 0x0000020d530d0310, 0x0000020d530d3330,
0x0000020d531066d0, 0x0000020d5310b3d0, 0x0000020d58507530, 0x0000020d5850df10,
0x0000020d5850e8b0, 0x0000020d5850d570, 0x0000020d5850c230, 0x0000020d5850a080,
0x0000020d5850cbd0
}

Java Threads: ( => current thread )
  0x0000020d39bb1460 JavaThread "main" [_thread_blocked, id=5160, stack(0x00000059c6100000,0x00000059c6200000)]
  0x0000020d51eb4d70 JavaThread "Reference Handler" daemon [_thread_blocked, id=24228, stack(0x00000059c6400000,0x00000059c6500000)]
  0x0000020d51eb5970 JavaThread "Finalizer" daemon [_thread_blocked, id=23996, stack(0x00000059c6500000,0x00000059c6600000)]
  0x0000020d51ec6fa0 JavaThread "Signal Dispatcher" daemon [_thread_blocked, id=10752, stack(0x00000059c6600000,0x00000059c6700000)]
  0x0000020d4f98cec0 JavaThread "Attach Listener" daemon [_thread_blocked, id=14340, stack(0x00000059c6700000,0x00000059c6800000)]
  0x0000020d4f98e020 JavaThread "Service Thread" daemon [_thread_blocked, id=10904, stack(0x00000059c6800000,0x00000059c6900000)]
  0x0000020d4f98e8e0 JavaThread "Monitor Deflation Thread" daemon [_thread_blocked, id=10384, stack(0x00000059c6900000,0x00000059c6a00000)]
  0x0000020d51eee760 JavaThread "C2 CompilerThread0" daemon [_thread_blocked, id=14148, stack(0x00000059c6a00000,0x00000059c6b00000)]
  0x0000020d51ef6d20 JavaThread "C1 CompilerThread0" daemon [_thread_blocked, id=21156, stack(0x00000059c6b00000,0x00000059c6c00000)]
  0x0000020d51ef7620 JavaThread "Sweeper thread" daemon [_thread_blocked, id=20264, stack(0x00000059c6c00000,0x00000059c6d00000)]
  0x0000020d51fd7fe0 JavaThread "Common-Cleaner" daemon [_thread_blocked, id=10612, stack(0x00000059c6d00000,0x00000059c6e00000)]
  0x0000020d520f1df0 JavaThread "Notification Thread" daemon [_thread_blocked, id=14580, stack(0x00000059c6e00000,0x00000059c6f00000)]
  0x0000020d527203e0 JavaThread "Active Thread: Equinox Container: 4c18b600-0126-4792-9686-75db10db3c2c" [_thread_blocked, id=14704, stack(0x00000059c7200000,0x00000059c7300000)]
  0x0000020d52b64730 JavaThread "Framework Event Dispatcher: Equinox Container: 4c18b600-0126-4792-9686-75db10db3c2c" daemon [_thread_blocked, id=21540, stack(0x00000059c7000000,0x00000059c7100000)]
  0x0000020d52b64c00 JavaThread "Start Level: Equinox Container: 4c18b600-0126-4792-9686-75db10db3c2c" daemon [_thread_blocked, id=15708, stack(0x00000059c7100000,0x00000059c7200000)]
  0x0000020d52b17010 JavaThread "SCR Component Actor" daemon [_thread_blocked, id=13916, stack(0x00000059c7900000,0x00000059c7a00000)]
  0x0000020d530beb10 JavaThread "Worker-JM" [_thread_blocked, id=20484, stack(0x00000059c7b00000,0x00000059c7c00000)]
  0x0000020d53463720 JavaThread "Bundle File Closer" daemon [_thread_blocked, id=19668, stack(0x00000059c7d00000,0x00000059c7e00000)]
  0x0000020d534640c0 JavaThread "Java indexing" daemon [_thread_blocked, id=19952, stack(0x00000059c8100000,0x00000059c8200000)]
  0x0000020d534628b0 JavaThread "pool-1-thread-1" [_thread_in_native, id=6232, stack(0x00000059c8400000,0x00000059c8500000)]
  0x0000020d5310a090 JavaThread "ForkJoinPool.commonPool-worker-2" daemon [_thread_blocked, id=10944, stack(0x00000059c8900000,0x00000059c8a00000)]
  0x0000020d5310d0b0 JavaThread "ForkJoinPool.commonPool-worker-5" daemon [_thread_blocked, id=8208, stack(0x00000059c5e00000,0x00000059c5f00000)]
  0x0000020d53107ee0 JavaThread "ForkJoinPool.commonPool-worker-9" daemon [_thread_blocked, id=800, stack(0x00000059c8000000,0x00000059c8100000)]
  0x0000020d530cf4a0 JavaThread "Worker-7: Publish Diagnostics" [_thread_blocked, id=20228, stack(0x00000059c8200000,0x00000059c8300000)]
  0x0000020d530d1ff0 JavaThread "Java Debug Server" daemon [_thread_in_native, id=13576, stack(0x00000059c8c00000,0x00000059c8d00000)]
  0x0000020d530d2e60 JavaThread "RxSchedulerPurge-1" daemon [_thread_blocked, id=18396, stack(0x00000059c8e00000,0x00000059c8f00000)]
  0x0000020d530d4670 JavaThread "RxCachedWorkerPoolEvictor-1" daemon [_thread_blocked, id=18288, stack(0x00000059c9000000,0x00000059c9100000)]
  0x0000020d5310c240 JavaThread "ForkJoinPool.commonPool-worker-11" daemon [_thread_blocked, id=22180, stack(0x00000059c6000000,0x00000059c6100000)]
  0x0000020d53105d30 JavaThread "ForkJoinPool.commonPool-worker-12" daemon [_thread_blocked, id=4876, stack(0x00000059c7a00000,0x00000059c7b00000)]
  0x0000020d53106200 JavaThread "ForkJoinPool.commonPool-worker-13" daemon [_thread_blocked, id=17128, stack(0x00000059c5f00000,0x00000059c6000000)]
  0x0000020d530d07e0 JavaThread "Worker-13" [_thread_blocked, id=19288, stack(0x00000059c7c00000,0x00000059c7d00000)]
  0x0000020d53463bf0 JavaThread "ForkJoinPool.commonPool-worker-14" daemon [_thread_blocked, id=9288, stack(0x00000059c7f00000,0x00000059c8000000)]
  0x0000020d561ab4f0 JavaThread "Worker-14" [_thread_blocked, id=18112, stack(0x00000059c8300000,0x00000059c8400000)]
  0x0000020d561aa1b0 JavaThread "Worker-15" [_thread_blocked, id=19328, stack(0x00000059c8500000,0x00000059c8600000)]
  0x0000020d530d0310 JavaThread "pool-36-thread-1" [_thread_blocked, id=17004, stack(0x00000059c8600000,0x00000059c8700000)]
  0x0000020d530d3330 JavaThread "pool-37-thread-1" [_thread_blocked, id=18640, stack(0x00000059c8700000,0x00000059c8800000)]
  0x0000020d531066d0 JavaThread "pool-38-thread-1" [_thread_blocked, id=22496, stack(0x00000059c8800000,0x00000059c8900000)]
  0x0000020d5310b3d0 JavaThread "pool-39-thread-1" [_thread_blocked, id=20856, stack(0x00000059c8a00000,0x00000059c8b00000)]
  0x0000020d58507530 JavaThread "pool-40-thread-1" [_thread_blocked, id=22056, stack(0x00000059c8b00000,0x00000059c8c00000)]
  0x0000020d5850df10 JavaThread "pool-41-thread-1" [_thread_blocked, id=20676, stack(0x00000059c8f00000,0x00000059c9000000)]
  0x0000020d5850e8b0 JavaThread "pool-42-thread-1" [_thread_blocked, id=12504, stack(0x00000059c9200000,0x00000059c9300000)]
  0x0000020d5850d570 JavaThread "pool-43-thread-1" [_thread_blocked, id=1192, stack(0x00000059c9100000,0x00000059c9200000)]
  0x0000020d5850c230 JavaThread "pool-44-thread-1" [_thread_blocked, id=14324, stack(0x00000059c9300000,0x00000059c9400000)]
  0x0000020d5850a080 JavaThread "pool-45-thread-1" [_thread_blocked, id=3820, stack(0x00000059c9400000,0x00000059c9500000)]
  0x0000020d5850cbd0 JavaThread "pool-46-thread-1" [_thread_blocked, id=22224, stack(0x00000059c9500000,0x00000059c9600000)]

Other Threads:
  0x0000020d4f81afe0 VMThread "VM Thread" [stack: 0x00000059c6300000,0x00000059c6400000] [id=4416]
  0x0000020d520fe750 WatcherThread [stack: 0x00000059c6f00000,0x00000059c7000000] [id=13684]
  0x0000020d39bc91f0 GCTaskThread "GC Thread#0" [stack: 0x00000059c6200000,0x00000059c6300000] [id=18072]
  0x0000020d52b67e80 GCTaskThread "GC Thread#1" [stack: 0x00000059c7300000,0x00000059c7400000] [id=7532]
  0x0000020d52b68130 GCTaskThread "GC Thread#2" [stack: 0x00000059c7400000,0x00000059c7500000] [id=12564]
=>0x0000020d52b683e0 GCTaskThread "GC Thread#3" [stack: 0x00000059c7500000,0x00000059c7600000] [id=6624]
  0x0000020d52b5b490 GCTaskThread "GC Thread#4" [stack: 0x00000059c7600000,0x00000059c7700000] [id=12292]
  0x0000020d52b5b740 GCTaskThread "GC Thread#5" [stack: 0x00000059c7700000,0x00000059c7800000] [id=1360]
  0x0000020d52b5b9f0 GCTaskThread "GC Thread#6" [stack: 0x00000059c7800000,0x00000059c7900000] [id=13888]
  0x0000020d53210780 GCTaskThread "GC Thread#7" [stack: 0x00000059c7e00000,0x00000059c7f00000] [id=3472]

Threads with active compile tasks:
C2 CompilerThread0  1710921 23040       4       org.eclipse.jdt.internal.compiler.parser.Parser::consumeToken (2283 bytes)

VM state: at safepoint (normal execution)

VM Mutex/Monitor currently owned by a thread:  ([mutex/lock_event])
[0x0000020d39bace80] Threads_lock - owner thread: 0x0000020d4f81afe0
[0x0000020d39bad8a0] Heap_lock - owner thread: 0x0000020d530cf4a0

Heap address: 0x00000000c0000000, size: 1024 MB, Compressed Oops mode: 32-bit

CDS archive(s) not mapped
Compressed class space mapped at: 0x0000000100000000-0x0000000140000000, reserved size: 1073741824
Narrow klass base: 0x0000000000000000, Narrow klass shift: 3, Narrow klass range: 0x140000000

GC Precious Log:
 CPUs: 8 total, 8 available
 Memory: 8025M
 Large Page Support: Disabled
 NUMA Support: Disabled
 Compressed Oops: Enabled (32-bit)
 Alignments: Space 512K, Generation 512K, Heap 2M
 Heap Min Capacity: 100M
 Heap Initial Capacity: 100M
 Heap Max Capacity: 1G
 Pre-touch: Disabled
 Parallel Workers: 8

Heap:
 PSYoungGen      total 3584K, used 1024K [0x00000000eab00000, 0x00000000eb200000, 0x0000000100000000)
  eden space 2560K, 0% used [0x00000000eab00000,0x00000000eab00000,0x00000000ead80000)
  from space 1024K, 100% used [0x00000000ead80000,0x00000000eae80000,0x00000000eae80000)
  to   space 2048K, 0% used [0x00000000eb000000,0x00000000eb000000,0x00000000eb200000)
 ParOldGen       total 269824K, used 269667K [0x00000000c0000000, 0x00000000d0780000, 0x00000000eab00000)
  object space 269824K, 99% used [0x00000000c0000000,0x00000000d0758d60,0x00000000d0780000)
 Metaspace       used 83121K, committed 84096K, reserved 1130496K
  class space    used 8266K, committed 8704K, reserved 1048576K

Card table byte_map: [0x0000020d4d220000,0x0000020d4d430000] _byte_map_base: 0x0000020d4cc20000

Marking Bits: (ParMarkBitMap*) 0x00007ffabca64b80
 Begin Bits: [0x0000020d4d590000, 0x0000020d4e590000)
 End Bits:   [0x0000020d4e590000, 0x0000020d4f590000)

Polling page: 0x0000020d39c90000

Metaspace:

Usage:
  Non-class:     73.10 MB used.
      Class:      8.07 MB used.
       Both:     81.17 MB used.

Virtual space:
  Non-class space:       80.00 MB reserved,      73.62 MB ( 92%) committed,  10 nodes.
      Class space:        1.00 GB reserved,       8.50 MB ( <1%) committed,  1 nodes.
             Both:        1.08 GB reserved,      82.12 MB (  7%) committed. 

Chunk freelists:
   Non-Class:  2.14 MB
       Class:  3.58 MB
        Both:  5.72 MB

MaxMetaspaceSize: unlimited
CompressedClassSpaceSize: 1.00 GB
Initial GC threshold: 21.00 MB
Current GC threshold: 136.88 MB
CDS: off
MetaspaceReclaimPolicy: balanced
 - commit_granule_bytes: 65536.
 - commit_granule_words: 8192.
 - virtual_space_node_default_size: 1048576.
 - enlarge_chunks_in_place: 1.
 - new_chunks_are_fully_committed: 0.
 - uncommit_free_chunks: 1.
 - use_allocation_guard: 0.
 - handle_deallocations: 1.


Internal statistics:

num_allocs_failed_limit: 11.
num_arena_births: 590.
num_arena_deaths: 108.
num_vsnodes_births: 11.
num_vsnodes_deaths: 0.
num_space_committed: 1314.
num_space_uncommitted: 0.
num_chunks_returned_to_freelist: 139.
num_chunks_taken_from_freelist: 3838.
num_chunk_merges: 47.
num_chunk_splits: 2408.
num_chunks_enlarged: 1468.
num_purges: 4.
num_inconsistent_stats: 0.

CodeHeap 'non-profiled nmethods': size=120000Kb used=20783Kb max_used=20818Kb free=99216Kb
 bounds [0x0000020d45b10000, 0x0000020d46f90000, 0x0000020d4d040000]
CodeHeap 'profiled nmethods': size=120000Kb used=30434Kb max_used=32797Kb free=89565Kb
 bounds [0x0000020d3e5e0000, 0x0000020d40600000, 0x0000020d45b10000]
CodeHeap 'non-nmethods': size=5760Kb used=1494Kb max_used=1553Kb free=4266Kb
 bounds [0x0000020d3e040000, 0x0000020d3e2b0000, 0x0000020d3e5e0000]
 total_blobs=16032 nmethods=15236 adapters=702
 compilation: enabled
              stopped_count=0, restarted_count=0
 full_count=0

Compilation events (20 events):
Event: 1710.401 Thread 0x0000020d51ef6d20 23031   !   3       org.eclipse.jdt.internal.core.Buffer::setContents (132 bytes)
Event: 1710.401 Thread 0x0000020d51ef6d20 nmethod 23031 0x0000020d3e88f510 code [0x0000020d3e88f720, 0x0000020d3e890148]
Event: 1710.464 Thread 0x0000020d51ef6d20 23033       3       java.util.AbstractList::listIterator (15 bytes)
Event: 1710.465 Thread 0x0000020d51ef6d20 nmethod 23033 0x0000020d3e5fcb10 code [0x0000020d3e5fcd00, 0x0000020d3e5fd268]
Event: 1710.465 Thread 0x0000020d51ef6d20 23034       3       java.util.AbstractList::rangeCheckForAdd (26 bytes)
Event: 1710.465 Thread 0x0000020d51ef6d20 nmethod 23034 0x0000020d3e754f10 code [0x0000020d3e755160, 0x0000020d3e755948]
Event: 1710.465 Thread 0x0000020d51ef6d20 23035       3       java.util.AbstractList$ListItr::<init> (16 bytes)
Event: 1710.465 Thread 0x0000020d51ef6d20 nmethod 23035 0x0000020d3e646790 code [0x0000020d3e646940, 0x0000020d3e646b58]
Event: 1710.475 Thread 0x0000020d51ef6d20 23037       3       java.util.ServiceLoader$2::hasNext (30 bytes)
Event: 1710.475 Thread 0x0000020d51ef6d20 nmethod 23037 0x0000020d3e9a9810 code [0x0000020d3e9a99c0, 0x0000020d3e9a9cf8]
Event: 1710.475 Thread 0x0000020d51ef6d20 23039       3       com.overzealous.remark.convert.TextCleaner::rtrim (53 bytes)
Event: 1710.476 Thread 0x0000020d51ef6d20 nmethod 23039 0x0000020d3e897310 code [0x0000020d3e897500, 0x0000020d3e8979b8]
Event: 1710.476 Thread 0x0000020d51ef6d20 23038       3       org.jsoup.nodes.Node::attr (58 bytes)
Event: 1710.476 Thread 0x0000020d51ef6d20 nmethod 23038 0x0000020d3e770590 code [0x0000020d3e770840, 0x0000020d3e771468]
Event: 1710.605 Thread 0x0000020d51ef6d20 23041       3       org.eclipse.jdt.core.dom.TypeBinding::isParameterizedType (8 bytes)
Event: 1710.605 Thread 0x0000020d51ef6d20 nmethod 23041 0x0000020d3ead2590 code [0x0000020d3ead2740, 0x0000020d3ead2ae8]
Event: 1710.716 Thread 0x0000020d51eee760 nmethod 23029 0x0000020d46f71c10 code [0x0000020d46f723a0, 0x0000020d46f7c280]
Event: 1710.716 Thread 0x0000020d51eee760 23040       4       org.eclipse.jdt.internal.compiler.parser.Parser::consumeToken (2283 bytes)
Event: 1710.780 Thread 0x0000020d51ef6d20 23042       3       org.eclipse.jdt.internal.compiler.ast.CharLiteral::computeValue (267 bytes)
Event: 1710.781 Thread 0x0000020d51ef6d20 nmethod 23042 0x0000020d3fa4fb10 code [0x0000020d3fa4fd80, 0x0000020d3fa506e8]

GC Heap History (20 events):
Event: 1710.821 GC heap after
{Heap after GC invocations=6050 (full 123):
 PSYoungGen      total 3584K, used 1008K [0x00000000eab00000, 0x00000000eb100000, 0x0000000100000000)
  eden space 2560K, 0% used [0x00000000eab00000,0x00000000eab00000,0x00000000ead80000)
  from space 1024K, 98% used [0x00000000eb000000,0x00000000eb0fc010,0x00000000eb100000)
  to   space 1536K, 0% used [0x00000000eae00000,0x00000000eae00000,0x00000000eaf80000)
 ParOldGen       total 269312K, used 264806K [0x00000000c0000000, 0x00000000d0700000, 0x00000000eab00000)
  object space 269312K, 98% used [0x00000000c0000000,0x00000000d0299900,0x00000000d0700000)
 Metaspace       used 83121K, committed 84096K, reserved 1130496K
  class space    used 8266K, committed 8704K, reserved 1048576K
}
Event: 1710.828 GC heap before
{Heap before GC invocations=6051 (full 123):
 PSYoungGen      total 3584K, used 3568K [0x00000000eab00000, 0x00000000eb100000, 0x0000000100000000)
  eden space 2560K, 99% used [0x00000000eab00000,0x00000000ead7fff8,0x00000000ead80000)
  from space 1024K, 98% used [0x00000000eb000000,0x00000000eb0fc010,0x00000000eb100000)
  to   space 1536K, 0% used [0x00000000eae00000,0x00000000eae00000,0x00000000eaf80000)
 ParOldGen       total 269312K, used 264806K [0x00000000c0000000, 0x00000000d0700000, 0x00000000eab00000)
  object space 269312K, 98% used [0x00000000c0000000,0x00000000d0299900,0x00000000d0700000)
 Metaspace       used 83121K, committed 84096K, reserved 1130496K
  class space    used 8266K, committed 8704K, reserved 1048576K
}
Event: 1710.829 GC heap after
{Heap after GC invocations=6051 (full 123):
 PSYoungGen      total 4096K, used 720K [0x00000000eab00000, 0x00000000eb080000, 0x0000000100000000)
  eden space 2560K, 0% used [0x00000000eab00000,0x00000000eab00000,0x00000000ead80000)
  from space 1536K, 46% used [0x00000000eae00000,0x00000000eaeb4010,0x00000000eaf80000)
  to   space 1024K, 0% used [0x00000000eaf80000,0x00000000eaf80000,0x00000000eb080000)
 ParOldGen       total 269312K, used 264806K [0x00000000c0000000, 0x00000000d0700000, 0x00000000eab00000)
  object space 269312K, 98% used [0x00000000c0000000,0x00000000d0299900,0x00000000d0700000)
 Metaspace       used 83121K, committed 84096K, reserved 1130496K
  class space    used 8266K, committed 8704K, reserved 1048576K
}
Event: 1710.836 GC heap before
{Heap before GC invocations=6052 (full 123):
 PSYoungGen      total 4096K, used 3280K [0x00000000eab00000, 0x00000000eb080000, 0x0000000100000000)
  eden space 2560K, 99% used [0x00000000eab00000,0x00000000ead7fff0,0x00000000ead80000)
  from space 1536K, 46% used [0x00000000eae00000,0x00000000eaeb4010,0x00000000eaf80000)
  to   space 1024K, 0% used [0x00000000eaf80000,0x00000000eaf80000,0x00000000eb080000)
 ParOldGen       total 269312K, used 264806K [0x00000000c0000000, 0x00000000d0700000, 0x00000000eab00000)
  object space 269312K, 98% used [0x00000000c0000000,0x00000000d0299900,0x00000000d0700000)
 Metaspace       used 83121K, committed 84096K, reserved 1130496K
  class space    used 8266K, committed 8704K, reserved 1048576K
}
Event: 1710.838 GC heap after
{Heap after GC invocations=6052 (full 123):
 PSYoungGen      total 3584K, used 1021K [0x00000000eab00000, 0x00000000eb180000, 0x0000000100000000)
  eden space 2560K, 0% used [0x00000000eab00000,0x00000000eab00000,0x00000000ead80000)
  from space 1024K, 99% used [0x00000000eaf80000,0x00000000eb07f420,0x00000000eb080000)
  to   space 2048K, 0% used [0x00000000ead80000,0x00000000ead80000,0x00000000eaf80000)
 ParOldGen       total 269312K, used 265441K [0x00000000c0000000, 0x00000000d0700000, 0x00000000eab00000)
  object space 269312K, 98% used [0x00000000c0000000,0x00000000d0338560,0x00000000d0700000)
 Metaspace       used 83121K, committed 84096K, reserved 1130496K
  class space    used 8266K, committed 8704K, reserved 1048576K
}
Event: 1710.845 GC heap before
{Heap before GC invocations=6053 (full 123):
 PSYoungGen      total 3584K, used 3581K [0x00000000eab00000, 0x00000000eb180000, 0x0000000100000000)
  eden space 2560K, 100% used [0x00000000eab00000,0x00000000ead80000,0x00000000ead80000)
  from space 1024K, 99% used [0x00000000eaf80000,0x00000000eb07f420,0x00000000eb080000)
  to   space 2048K, 0% used [0x00000000ead80000,0x00000000ead80000,0x00000000eaf80000)
 ParOldGen       total 269312K, used 265441K [0x00000000c0000000, 0x00000000d0700000, 0x00000000eab00000)
  object space 269312K, 98% used [0x00000000c0000000,0x00000000d0338560,0x00000000d0700000)
 Metaspace       used 83121K, committed 84096K, reserved 1130496K
  class space    used 8266K, committed 8704K, reserved 1048576K
}
Event: 1710.846 GC heap after
{Heap after GC invocations=6053 (full 123):
 PSYoungGen      total 3584K, used 960K [0x00000000eab00000, 0x00000000eb080000, 0x0000000100000000)
  eden space 2560K, 0% used [0x00000000eab00000,0x00000000eab00000,0x00000000ead80000)
  from space 1024K, 93% used [0x00000000ead80000,0x00000000eae70000,0x00000000eae80000)
  to   space 1536K, 0% used [0x00000000eaf00000,0x00000000eaf00000,0x00000000eb080000)
 ParOldGen       total 269312K, used 266433K [0x00000000c0000000, 0x00000000d0700000, 0x00000000eab00000)
  object space 269312K, 98% used [0x00000000c0000000,0x00000000d04305e0,0x00000000d0700000)
 Metaspace       used 83121K, committed 84096K, reserved 1130496K
  class space    used 8266K, committed 8704K, reserved 1048576K
}
Event: 1710.851 GC heap before
{Heap before GC invocations=6054 (full 123):
 PSYoungGen      total 3584K, used 3520K [0x00000000eab00000, 0x00000000eb080000, 0x0000000100000000)
  eden space 2560K, 100% used [0x00000000eab00000,0x00000000ead80000,0x00000000ead80000)
  from space 1024K, 93% used [0x00000000ead80000,0x00000000eae70000,0x00000000eae80000)
  to   space 1536K, 0% used [0x00000000eaf00000,0x00000000eaf00000,0x00000000eb080000)
 ParOldGen       total 269312K, used 266433K [0x00000000c0000000, 0x00000000d0700000, 0x00000000eab00000)
  object space 269312K, 98% used [0x00000000c0000000,0x00000000d04305e0,0x00000000d0700000)
 Metaspace       used 83121K, committed 84096K, reserved 1130496K
  class space    used 8266K, committed 8704K, reserved 1048576K
}
Event: 1710.853 GC heap after
{Heap after GC invocations=6054 (full 123):
 PSYoungGen      total 4096K, used 1072K [0x00000000eab00000, 0x00000000eb100000, 0x0000000100000000)
  eden space 2560K, 0% used [0x00000000eab00000,0x00000000eab00000,0x00000000ead80000)
  from space 1536K, 69% used [0x00000000eaf00000,0x00000000eb00c010,0x00000000eb080000)
  to   space 1536K, 0% used [0x00000000ead80000,0x00000000ead80000,0x00000000eaf00000)
 ParOldGen       total 269312K, used 267287K [0x00000000c0000000, 0x00000000d0700000, 0x00000000eab00000)
  object space 269312K, 99% used [0x00000000c0000000,0x00000000d0505d60,0x00000000d0700000)
 Metaspace       used 83121K, committed 84096K, reserved 1130496K
  class space    used 8266K, committed 8704K, reserved 1048576K
}
Event: 1710.861 GC heap before
{Heap before GC invocations=6055 (full 123):
 PSYoungGen      total 4096K, used 3632K [0x00000000eab00000, 0x00000000eb100000, 0x0000000100000000)
  eden space 2560K, 100% used [0x00000000eab00000,0x00000000ead80000,0x00000000ead80000)
  from space 1536K, 69% used [0x00000000eaf00000,0x00000000eb00c010,0x00000000eb080000)
  to   space 1536K, 0% used [0x00000000ead80000,0x00000000ead80000,0x00000000eaf00000)
 ParOldGen       total 269312K, used 267287K [0x00000000c0000000, 0x00000000d0700000, 0x00000000eab00000)
  object space 269312K, 99% used [0x00000000c0000000,0x00000000d0505d60,0x00000000d0700000)
 Metaspace       used 83121K, committed 84096K, reserved 1130496K
  class space    used 8266K, committed 8704K, reserved 1048576K
}
Event: 1710.862 GC heap after
{Heap after GC invocations=6055 (full 123):
 PSYoungGen      total 4096K, used 944K [0x00000000eab00000, 0x00000000eb000000, 0x0000000100000000)
  eden space 2560K, 0% used [0x00000000eab00000,0x00000000eab00000,0x00000000ead80000)
  from space 1536K, 61% used [0x00000000ead80000,0x00000000eae6c010,0x00000000eaf00000)
  to   space 1024K, 0% used [0x00000000eaf00000,0x00000000eaf00000,0x00000000eb000000)
 ParOldGen       total 269312K, used 267335K [0x00000000c0000000, 0x00000000d0700000, 0x00000000eab00000)
  object space 269312K, 99% used [0x00000000c0000000,0x00000000d0511d60,0x00000000d0700000)
 Metaspace       used 83121K, committed 84096K, reserved 1130496K
  class space    used 8266K, committed 8704K, reserved 1048576K
}
Event: 1710.868 GC heap before
{Heap before GC invocations=6056 (full 123):
 PSYoungGen      total 4096K, used 3504K [0x00000000eab00000, 0x00000000eb000000, 0x0000000100000000)
  eden space 2560K, 100% used [0x00000000eab00000,0x00000000ead80000,0x00000000ead80000)
  from space 1536K, 61% used [0x00000000ead80000,0x00000000eae6c010,0x00000000eaf00000)
  to   space 1024K, 0% used [0x00000000eaf00000,0x00000000eaf00000,0x00000000eb000000)
 ParOldGen       total 269312K, used 267335K [0x00000000c0000000, 0x00000000d0700000, 0x00000000eab00000)
  object space 269312K, 99% used [0x00000000c0000000,0x00000000d0511d60,0x00000000d0700000)
 Metaspace       used 83121K, committed 84096K, reserved 1130496K
  class space    used 8266K, committed 8704K, reserved 1048576K
}
Event: 1710.870 GC heap after
{Heap after GC invocations=6056 (full 123):
 PSYoungGen      total 3072K, used 1008K [0x00000000eab00000, 0x00000000eb200000, 0x0000000100000000)
  eden space 2048K, 0% used [0x00000000eab00000,0x00000000eab00000,0x00000000ead00000)
  from space 1024K, 98% used [0x00000000eaf00000,0x00000000eaffc010,0x00000000eb000000)
  to   space 2048K, 0% used [0x00000000ead00000,0x00000000ead00000,0x00000000eaf00000)
 ParOldGen       total 269312K, used 268210K [0x00000000c0000000, 0x00000000d0700000, 0x00000000eab00000)
  object space 269312K, 99% used [0x00000000c0000000,0x00000000d05ec9a0,0x00000000d0700000)
 Metaspace       used 83121K, committed 84096K, reserved 1130496K
  class space    used 8266K, committed 8704K, reserved 1048576K
}
Event: 1710.875 GC heap before
{Heap before GC invocations=6057 (full 123):
 PSYoungGen      total 3072K, used 3056K [0x00000000eab00000, 0x00000000eb200000, 0x0000000100000000)
  eden space 2048K, 100% used [0x00000000eab00000,0x00000000ead00000,0x00000000ead00000)
  from space 1024K, 98% used [0x00000000eaf00000,0x00000000eaffc010,0x00000000eb000000)
  to   space 2048K, 0% used [0x00000000ead00000,0x00000000ead00000,0x00000000eaf00000)
 ParOldGen       total 269312K, used 268210K [0x00000000c0000000, 0x00000000d0700000, 0x00000000eab00000)
  object space 269312K, 99% used [0x00000000c0000000,0x00000000d05ec9a0,0x00000000d0700000)
 Metaspace       used 83121K, committed 84096K, reserved 1130496K
  class space    used 8266K, committed 8704K, reserved 1048576K
}
Event: 1710.876 GC heap after
{Heap after GC invocations=6057 (full 123):
 PSYoungGen      total 2560K, used 384K [0x00000000eab00000, 0x00000000eaf80000, 0x0000000100000000)
  eden space 2048K, 0% used [0x00000000eab00000,0x00000000eab00000,0x00000000ead00000)
  from space 512K, 75% used [0x00000000ead00000,0x00000000ead60000,0x00000000ead80000)
  to   space 1024K, 0% used [0x00000000eae80000,0x00000000eae80000,0x00000000eaf80000)
 ParOldGen       total 269312K, used 268656K [0x00000000c0000000, 0x00000000d0700000, 0x00000000eab00000)
  object space 269312K, 99% used [0x00000000c0000000,0x00000000d065c120,0x00000000d0700000)
 Metaspace       used 83121K, committed 84096K, reserved 1130496K
  class space    used 8266K, committed 8704K, reserved 1048576K
}
Event: 1710.880 GC heap before
{Heap before GC invocations=6058 (full 123):
 PSYoungGen      total 2560K, used 2432K [0x00000000eab00000, 0x00000000eaf80000, 0x0000000100000000)
  eden space 2048K, 100% used [0x00000000eab00000,0x00000000ead00000,0x00000000ead00000)
  from space 512K, 75% used [0x00000000ead00000,0x00000000ead60000,0x00000000ead80000)
  to   space 1024K, 0% used [0x00000000eae80000,0x00000000eae80000,0x00000000eaf80000)
 ParOldGen       total 269312K, used 268656K [0x00000000c0000000, 0x00000000d0700000, 0x00000000eab00000)
  object space 269312K, 99% used [0x00000000c0000000,0x00000000d065c120,0x00000000d0700000)
 Metaspace       used 83121K, committed 84096K, reserved 1130496K
  class space    used 8266K, committed 8704K, reserved 1048576K
}
Event: 1710.881 GC heap after
{Heap after GC invocations=6058 (full 123):
 PSYoungGen      total 3584K, used 864K [0x00000000eab00000, 0x00000000eaf80000, 0x0000000100000000)
  eden space 2560K, 0% used [0x00000000eab00000,0x00000000eab00000,0x00000000ead80000)
  from space 1024K, 84% used [0x00000000eae80000,0x00000000eaf58000,0x00000000eaf80000)
  to   space 1024K, 0% used [0x00000000ead80000,0x00000000ead80000,0x00000000eae80000)
 ParOldGen       total 269312K, used 268931K [0x00000000c0000000, 0x00000000d0700000, 0x00000000eab00000)
  object space 269312K, 99% used [0x00000000c0000000,0x00000000d06a0d60,0x00000000d0700000)
 Metaspace       used 83121K, committed 84096K, reserved 1130496K
  class space    used 8266K, committed 8704K, reserved 1048576K
}
Event: 1710.887 GC heap before
{Heap before GC invocations=6059 (full 123):
 PSYoungGen      total 3584K, used 3424K [0x00000000eab00000, 0x00000000eaf80000, 0x0000000100000000)
  eden space 2560K, 100% used [0x00000000eab00000,0x00000000ead80000,0x00000000ead80000)
  from space 1024K, 84% used [0x00000000eae80000,0x00000000eaf58000,0x00000000eaf80000)
  to   space 1024K, 0% used [0x00000000ead80000,0x00000000ead80000,0x00000000eae80000)
 ParOldGen       total 269312K, used 268931K [0x00000000c0000000, 0x00000000d0700000, 0x00000000eab00000)
  object space 269312K, 99% used [0x00000000c0000000,0x00000000d06a0d60,0x00000000d0700000)
 Metaspace       used 83121K, committed 84096K, reserved 1130496K
  class space    used 8266K, committed 8704K, reserved 1048576K
}
Event: 1710.889 GC heap after
{Heap after GC invocations=6059 (full 123):
 PSYoungGen      total 3584K, used 1024K [0x00000000eab00000, 0x00000000eb200000, 0x0000000100000000)
  eden space 2560K, 0% used [0x00000000eab00000,0x00000000eab00000,0x00000000ead80000)
  from space 1024K, 100% used [0x00000000ead80000,0x00000000eae80000,0x00000000eae80000)
  to   space 2048K, 0% used [0x00000000eb000000,0x00000000eb000000,0x00000000eb200000)
 ParOldGen       total 269824K, used 269667K [0x00000000c0000000, 0x00000000d0780000, 0x00000000eab00000)
  object space 269824K, 99% used [0x00000000c0000000,0x00000000d0758d60,0x00000000d0780000)
 Metaspace       used 83121K, committed 84096K, reserved 1130496K
  class space    used 8266K, committed 8704K, reserved 1048576K
}
Event: 1710.889 GC heap before
{Heap before GC invocations=6060 (full 124):
 PSYoungGen      total 3584K, used 1024K [0x00000000eab00000, 0x00000000eb200000, 0x0000000100000000)
  eden space 2560K, 0% used [0x00000000eab00000,0x00000000eab00000,0x00000000ead80000)
  from space 1024K, 100% used [0x00000000ead80000,0x00000000eae80000,0x00000000eae80000)
  to   space 2048K, 0% used [0x00000000eb000000,0x00000000eb000000,0x00000000eb200000)
 ParOldGen       total 269824K, used 269667K [0x00000000c0000000, 0x00000000d0780000, 0x00000000eab00000)
  object space 269824K, 99% used [0x00000000c0000000,0x00000000d0758d60,0x00000000d0780000)
 Metaspace       used 83121K, committed 84096K, reserved 1130496K
  class space    used 8266K, committed 8704K, reserved 1048576K
}

Deoptimization events (20 events):
Event: 1705.264 Thread 0x0000020d530d07e0 Uncommon trap: trap_request=0xffffffbe fr.pc=0x0000020d4689fec0 relative=0x0000000000000960
Event: 1705.264 Thread 0x0000020d530d07e0 Uncommon trap: reason=profile_predicate action=maybe_recompile pc=0x0000020d4689fec0 method=org.eclipse.core.internal.runtime.RuntimeLog.logToListeners(Lorg/eclipse/core/runtime/IStatus;)V @ 75 c2
Event: 1705.264 Thread 0x0000020d530d07e0 DEOPT PACKING pc=0x0000020d4689fec0 sp=0x00000059c7cfeb80
Event: 1705.264 Thread 0x0000020d530d07e0 DEOPT UNPACKING pc=0x0000020d3e0920a3 sp=0x00000059c7cfeac8 mode 2
Event: 1708.608 Thread 0x0000020d53106200 Uncommon trap: trap_request=0xffffff45 fr.pc=0x0000020d46a2fdb4 relative=0x0000000000000514
Event: 1708.608 Thread 0x0000020d53106200 Uncommon trap: reason=unstable_if action=reinterpret pc=0x0000020d46a2fdb4 method=org.eclipse.jdt.internal.compiler.ast.UnaryExpression.resolveType(Lorg/eclipse/jdt/internal/compiler/lookup/BlockScope;)Lorg/eclipse/jdt/internal/compiler/lookup/TypeBinding
Event: 1708.608 Thread 0x0000020d53106200 DEOPT PACKING pc=0x0000020d46a2fdb4 sp=0x00000059c5ffe100
Event: 1708.608 Thread 0x0000020d53106200 DEOPT UNPACKING pc=0x0000020d3e0920a3 sp=0x00000059c5ffe078 mode 2
Event: 1708.757 Thread 0x0000020d5850a080 Uncommon trap: trap_request=0xffffff45 fr.pc=0x0000020d4685db08 relative=0x0000000000000c48
Event: 1708.758 Thread 0x0000020d5850a080 Uncommon trap: reason=unstable_if action=reinterpret pc=0x0000020d4685db08 method=org.eclipse.jdt.internal.compiler.lookup.ClassScope.checkForInheritedMemberTypes(Lorg/eclipse/jdt/internal/compiler/lookup/SourceTypeBinding;)V @ 35 c2
Event: 1708.758 Thread 0x0000020d5850a080 DEOPT PACKING pc=0x0000020d4685db08 sp=0x00000059c94fe430
Event: 1708.758 Thread 0x0000020d5850a080 DEOPT UNPACKING pc=0x0000020d3e0920a3 sp=0x00000059c94fe3b8 mode 2
Event: 1710.365 Thread 0x0000020d530d07e0 Uncommon trap: trap_request=0xffffff45 fr.pc=0x0000020d46dbbb00 relative=0x0000000000002d00
Event: 1710.365 Thread 0x0000020d530d07e0 Uncommon trap: reason=unstable_if action=reinterpret pc=0x0000020d46dbbb00 method=org.eclipse.jdt.internal.compiler.util.CharDeduplication.optimizedCurrentTokenSource5([CI)[C @ 196 c2
Event: 1710.365 Thread 0x0000020d530d07e0 DEOPT PACKING pc=0x0000020d46dbbb00 sp=0x00000059c7cfe550
Event: 1710.365 Thread 0x0000020d530d07e0 DEOPT UNPACKING pc=0x0000020d3e0920a3 sp=0x00000059c7cfe308 mode 2
Event: 1710.369 Thread 0x0000020d5850cbd0 DEOPT PACKING pc=0x0000020d4054fbe8 sp=0x00000059c95fe760
Event: 1710.369 Thread 0x0000020d5850cbd0 DEOPT UNPACKING pc=0x0000020d3e092843 sp=0x00000059c95fdc68 mode 0
Event: 1710.467 Thread 0x0000020d5850cbd0 DEOPT PACKING pc=0x0000020d3efdae07 sp=0x00000059c95fdd70
Event: 1710.467 Thread 0x0000020d5850cbd0 DEOPT UNPACKING pc=0x0000020d3e092843 sp=0x00000059c95fd388 mode 0

Classes unloaded (20 events):
Event: 1210.911 Thread 0x0000020d4f81afe0 Unloading class 0x00000001007e9c00 'java/lang/invoke/LambdaForm$MH+0x00000001007e9c00'
Event: 1210.911 Thread 0x0000020d4f81afe0 Unloading class 0x00000001007e9400 'java/lang/invoke/LambdaForm$MH+0x00000001007e9400'
Event: 1210.911 Thread 0x0000020d4f81afe0 Unloading class 0x0000000100323000 'java/lang/invoke/LambdaForm$MH+0x0000000100323000'
Event: 1210.911 Thread 0x0000020d4f81afe0 Unloading class 0x0000000100322c00 'java/lang/invoke/LambdaForm$MH+0x0000000100322c00'
Event: 1210.911 Thread 0x0000020d4f81afe0 Unloading class 0x0000000100322800 'java/lang/invoke/LambdaForm$MH+0x0000000100322800'
Event: 1210.911 Thread 0x0000020d4f81afe0 Unloading class 0x0000000100322400 'java/lang/invoke/LambdaForm$MH+0x0000000100322400'
Event: 1210.911 Thread 0x0000020d4f81afe0 Unloading class 0x00000001002dcc00 'java/lang/invoke/LambdaForm$MH+0x00000001002dcc00'
Event: 1210.911 Thread 0x0000020d4f81afe0 Unloading class 0x00000001002dc800 'java/lang/invoke/LambdaForm$MH+0x00000001002dc800'
Event: 1210.911 Thread 0x0000020d4f81afe0 Unloading class 0x00000001002dc400 'java/lang/invoke/LambdaForm$MH+0x00000001002dc400'
Event: 1210.911 Thread 0x0000020d4f81afe0 Unloading class 0x00000001002dc000 'java/lang/invoke/LambdaForm$MH+0x00000001002dc000'
Event: 1210.911 Thread 0x0000020d4f81afe0 Unloading class 0x00000001002d0c00 'java/lang/invoke/LambdaForm$MH+0x00000001002d0c00'
Event: 1210.911 Thread 0x0000020d4f81afe0 Unloading class 0x00000001002d0800 'java/lang/invoke/LambdaForm$MH+0x00000001002d0800'
Event: 1210.911 Thread 0x0000020d4f81afe0 Unloading class 0x0000000100162800 'java/lang/invoke/LambdaForm$MH+0x0000000100162800'
Event: 1210.911 Thread 0x0000020d4f81afe0 Unloading class 0x0000000100162000 'java/lang/invoke/LambdaForm$MH+0x0000000100162000'
Event: 1210.911 Thread 0x0000020d4f81afe0 Unloading class 0x0000000100161c00 'java/lang/invoke/LambdaForm$MH+0x0000000100161c00'
Event: 1210.911 Thread 0x0000020d4f81afe0 Unloading class 0x0000000100161800 'java/lang/invoke/LambdaForm$MH+0x0000000100161800'
Event: 1210.911 Thread 0x0000020d4f81afe0 Unloading class 0x0000000100161000 'java/lang/invoke/LambdaForm$MH+0x0000000100161000'
Event: 1210.911 Thread 0x0000020d4f81afe0 Unloading class 0x0000000100160c00 'java/lang/invoke/LambdaForm$MH+0x0000000100160c00'
Event: 1210.911 Thread 0x0000020d4f81afe0 Unloading class 0x0000000100160800 'java/lang/invoke/LambdaForm$MH+0x0000000100160800'
Event: 1210.911 Thread 0x0000020d4f81afe0 Unloading class 0x0000000100160000 'java/lang/invoke/LambdaForm$MH+0x0000000100160000'

Classes redefined (0 events):
No events

Internal exceptions (20 events):
Event: 1706.853 Thread 0x0000020d534640c0 Exception <a 'sun/nio/fs/WindowsException'{0x00000000eab51728}> (0x00000000eab51728) 
thrown [e:\jenkins\tmp\workspace\build\src\src\hotspot\share\prims\jni.cpp, line 516]
Event: 1708.790 Thread 0x0000020d5850a080 Exception <a 'java/lang/ClassNotFoundException'{0x00000000eae36a28}: sun/net/www/protocol/jdt/Handler> (0x00000000eae36a28) 
thrown [e:\jenkins\tmp\workspace\build\src\src\hotspot\share\classfile\systemDictionary.cpp, line 256]
Event: 1708.790 Thread 0x0000020d5850a080 Exception <a 'java/lang/ClassNotFoundException'{0x00000000eae38c50}: sun/net/www/protocol/jdt/Handler> (0x00000000eae38c50) 
thrown [e:\jenkins\tmp\workspace\build\src\src\hotspot\share\classfile\systemDictionary.cpp, line 256]
Event: 1708.790 Thread 0x0000020d5850a080 Exception <a 'java/lang/ClassNotFoundException'{0x00000000eae3b0b8}: sun/net/www/protocol/jdt/Handler> (0x00000000eae3b0b8) 
thrown [e:\jenkins\tmp\workspace\build\src\src\hotspot\share\classfile\systemDictionary.cpp, line 256]
Event: 1708.790 Thread 0x0000020d5850a080 Exception <a 'java/lang/ClassNotFoundException'{0x00000000eae3d2e0}: sun/net/www/protocol/jdt/Handler> (0x00000000eae3d2e0) 
thrown [e:\jenkins\tmp\workspace\build\src\src\hotspot\share\classfile\systemDictionary.cpp, line 256]
Event: 1708.790 Thread 0x0000020d5850a080 Exception <a 'java/lang/ClassNotFoundException'{0x00000000eae41030}: sun/net/www/protocol/jdt/Handler> (0x00000000eae41030) 
thrown [e:\jenkins\tmp\workspace\build\src\src\hotspot\share\classfile\systemDictionary.cpp, line 256]
Event: 1708.790 Thread 0x0000020d5850a080 Exception <a 'java/lang/ClassNotFoundException'{0x00000000eae42f68}: sun/net/www/protocol/jdt/Handler> (0x00000000eae42f68) 
thrown [e:\jenkins\tmp\workspace\build\src\src\hotspot\share\classfile\systemDictionary.cpp, line 256]
Event: 1708.790 Thread 0x0000020d5850a080 Exception <a 'java/lang/ClassNotFoundException'{0x00000000eae45fa8}: sun/net/www/protocol/jdt/Handler> (0x00000000eae45fa8) 
thrown [e:\jenkins\tmp\workspace\build\src\src\hotspot\share\classfile\systemDictionary.cpp, line 256]
Event: 1710.087 Thread 0x0000020d534640c0 Exception <a 'sun/nio/fs/WindowsException'{0x00000000eab747c0}> (0x00000000eab747c0) 
thrown [e:\jenkins\tmp\workspace\build\src\src\hotspot\share\prims\jni.cpp, line 516]
Event: 1710.157 Thread 0x0000020d534640c0 Exception <a 'sun/nio/fs/WindowsException'{0x00000000eac39618}> (0x00000000eac39618) 
thrown [e:\jenkins\tmp\workspace\build\src\src\hotspot\share\prims\jni.cpp, line 516]
Event: 1710.474 Thread 0x0000020d5850cbd0 Exception <a 'java/lang/ClassNotFoundException'{0x00000000eaeb3fd0}: sun/net/www/protocol/jdt/Handler> (0x00000000eaeb3fd0) 
thrown [e:\jenkins\tmp\workspace\build\src\src\hotspot\share\classfile\systemDictionary.cpp, line 256]
Event: 1710.474 Thread 0x0000020d5850cbd0 Exception <a 'java/lang/ClassNotFoundException'{0x00000000eaeb5fd0}: sun/net/www/protocol/jdt/Handler> (0x00000000eaeb5fd0) 
thrown [e:\jenkins\tmp\workspace\build\src\src\hotspot\share\classfile\systemDictionary.cpp, line 256]
Event: 1710.474 Thread 0x0000020d5850cbd0 Exception <a 'java/lang/ClassNotFoundException'{0x00000000eaeb8230}: sun/net/www/protocol/jdt/Handler> (0x00000000eaeb8230) 
thrown [e:\jenkins\tmp\workspace\build\src\src\hotspot\share\classfile\systemDictionary.cpp, line 256]
Event: 1710.474 Thread 0x0000020d5850cbd0 Exception <a 'java/lang/ClassNotFoundException'{0x00000000eaeba1f0}: sun/net/www/protocol/jdt/Handler> (0x00000000eaeba1f0) 
thrown [e:\jenkins\tmp\workspace\build\src\src\hotspot\share\classfile\systemDictionary.cpp, line 256]
Event: 1710.475 Thread 0x0000020d5850cbd0 Exception <a 'java/lang/ClassNotFoundException'{0x00000000eaebc278}: sun/net/www/protocol/jdt/Handler> (0x00000000eaebc278) 
thrown [e:\jenkins\tmp\workspace\build\src\src\hotspot\share\classfile\systemDictionary.cpp, line 256]
Event: 1710.475 Thread 0x0000020d5850cbd0 Exception <a 'java/lang/ClassNotFoundException'{0x00000000eaebe2d8}: sun/net/www/protocol/jdt/Handler> (0x00000000eaebe2d8) 
thrown [e:\jenkins\tmp\workspace\build\src\src\hotspot\share\classfile\systemDictionary.cpp, line 256]
Event: 1710.475 Thread 0x0000020d5850cbd0 Exception <a 'java/lang/ClassNotFoundException'{0x00000000eaec1a08}: sun/net/www/protocol/jdt/Handler> (0x00000000eaec1a08) 
thrown [e:\jenkins\tmp\workspace\build\src\src\hotspot\share\classfile\systemDictionary.cpp, line 256]
Event: 1710.475 Thread 0x0000020d5850cbd0 Exception <a 'java/lang/ClassNotFoundException'{0x00000000eaec3df0}: sun/net/www/protocol/jdt/Handler> (0x00000000eaec3df0) 
thrown [e:\jenkins\tmp\workspace\build\src\src\hotspot\share\classfile\systemDictionary.cpp, line 256]
Event: 1710.475 Thread 0x0000020d5850cbd0 Exception <a 'java/lang/ClassNotFoundException'{0x00000000eaec61d8}: sun/net/www/protocol/jdt/Handler> (0x00000000eaec61d8) 
thrown [e:\jenkins\tmp\workspace\build\src\src\hotspot\share\classfile\systemDictionary.cpp, line 256]
Event: 1710.475 Thread 0x0000020d5850cbd0 Exception <a 'java/lang/ClassNotFoundException'{0x00000000eaec87c8}: sun/net/www/protocol/jdt/Handler> (0x00000000eaec87c8) 
thrown [e:\jenkins\tmp\workspace\build\src\src\hotspot\share\classfile\systemDictionary.cpp, line 256]

VM Operations (20 events):
Event: 1710.815 Executing VM operation: ParallelGCFailedAllocation done
Event: 1710.820 Executing VM operation: ParallelGCFailedAllocation
Event: 1710.821 Executing VM operation: ParallelGCFailedAllocation done
Event: 1710.828 Executing VM operation: ParallelGCFailedAllocation
Event: 1710.829 Executing VM operation: ParallelGCFailedAllocation done
Event: 1710.836 Executing VM operation: ParallelGCFailedAllocation
Event: 1710.838 Executing VM operation: ParallelGCFailedAllocation done
Event: 1710.845 Executing VM operation: ParallelGCFailedAllocation
Event: 1710.846 Executing VM operation: ParallelGCFailedAllocation done
Event: 1710.851 Executing VM operation: ParallelGCFailedAllocation
Event: 1710.853 Executing VM operation: ParallelGCFailedAllocation done
Event: 1710.861 Executing VM operation: ParallelGCFailedAllocation
Event: 1710.862 Executing VM operation: ParallelGCFailedAllocation done
Event: 1710.868 Executing VM operation: ParallelGCFailedAllocation
Event: 1710.870 Executing VM operation: ParallelGCFailedAllocation done
Event: 1710.875 Executing VM operation: ParallelGCFailedAllocation
Event: 1710.876 Executing VM operation: ParallelGCFailedAllocation done
Event: 1710.880 Executing VM operation: ParallelGCFailedAllocation
Event: 1710.881 Executing VM operation: ParallelGCFailedAllocation done
Event: 1710.887 Executing VM operation: ParallelGCFailedAllocation

Events (20 events):
Event: 1710.731 Thread 0x0000020d51ef7620 flushing nmethod 0x0000020d40012110
Event: 1710.731 Thread 0x0000020d51ef7620 flushing nmethod 0x0000020d40013a10
Event: 1710.732 Thread 0x0000020d51ef7620 flushing nmethod 0x0000020d40035910
Event: 1710.732 Thread 0x0000020d51ef7620 flushing nmethod 0x0000020d40037d90
Event: 1710.732 Thread 0x0000020d51ef7620 flushing nmethod 0x0000020d40063210
Event: 1710.732 Thread 0x0000020d51ef7620 flushing nmethod 0x0000020d400b0a90
Event: 1710.732 Thread 0x0000020d51ef7620 flushing nmethod 0x0000020d401cb590
Event: 1710.733 Thread 0x0000020d51ef7620 flushing nmethod 0x0000020d4030c110
Event: 1710.733 Thread 0x0000020d51ef7620 flushing nmethod 0x0000020d40378c90
Event: 1710.733 Thread 0x0000020d51ef7620 flushing nmethod 0x0000020d40429790
Event: 1710.733 Thread 0x0000020d51ef7620 flushing nmethod 0x0000020d40449810
Event: 1710.733 Thread 0x0000020d51ef7620 flushing nmethod 0x0000020d40458790
Event: 1710.733 Thread 0x0000020d51ef7620 flushing nmethod 0x0000020d4049bc90
Event: 1710.734 Thread 0x0000020d51ef7620 flushing nmethod 0x0000020d404e8a90
Event: 1710.734 Thread 0x0000020d51ef7620 flushing nmethod 0x0000020d404eca90
Event: 1710.734 Thread 0x0000020d51ef7620 flushing nmethod 0x0000020d404f0610
Event: 1710.734 Thread 0x0000020d51ef7620 flushing nmethod 0x0000020d404f4490
Event: 1710.734 Thread 0x0000020d51ef7620 flushing nmethod 0x0000020d404fa810
Event: 1710.734 Thread 0x0000020d51ef7620 flushing nmethod 0x0000020d40507d10
Event: 1710.734 Thread 0x0000020d51ef7620 flushing nmethod 0x0000020d40520890


Dynamic libraries:
0x00007ff6d1350000 - 0x00007ff6d135e000 	c:\Users\Tanesh\.vscode\extensions\redhat.java-1.8.0-win32-x64\jre\17.0.3-win32-x86_64\bin\java.exe
0x00007ffb34250000 - 0x00007ffb34447000 	C:\WINDOWS\SYSTEM32\ntdll.dll
0x00007ffb322b0000 - 0x00007ffb3236d000 	C:\WINDOWS\System32\KERNEL32.DLL
0x00007ffb31e00000 - 0x00007ffb320cd000 	C:\WINDOWS\System32\KERNELBASE.dll
0x00007ffb319a0000 - 0x00007ffb31aa0000 	C:\WINDOWS\System32\ucrtbase.dll
0x00007ffb06680000 - 0x00007ffb06698000 	c:\Users\Tanesh\.vscode\extensions\redhat.java-1.8.0-win32-x64\jre\17.0.3-win32-x86_64\bin\jli.dll
0x00007ffb065a0000 - 0x00007ffb065b9000 	c:\Users\Tanesh\.vscode\extensions\redhat.java-1.8.0-win32-x64\jre\17.0.3-win32-x86_64\bin\VCRUNTIME140.dll
0x00007ffb32be0000 - 0x00007ffb32d80000 	C:\WINDOWS\System32\USER32.dll
0x00007ffb32280000 - 0x00007ffb322a2000 	C:\WINDOWS\System32\win32u.dll
0x00007ffb1b370000 - 0x00007ffb1b60a000 	C:\WINDOWS\WinSxS\amd64_microsoft.windows.common-controls_6595b64144ccf1df_6.0.19041.1110_none_60b5254171f9507e\COMCTL32.dll
0x00007ffb339f0000 - 0x00007ffb33a1a000 	C:\WINDOWS\System32\GDI32.dll
0x00007ffb33aa0000 - 0x00007ffb33b3e000 	C:\WINDOWS\System32\msvcrt.dll
0x00007ffb31cf0000 - 0x00007ffb31dfb000 	C:\WINDOWS\System32\gdi32full.dll
0x00007ffb31aa0000 - 0x00007ffb31b3d000 	C:\WINDOWS\System32\msvcp_win.dll
0x00007ffb32540000 - 0x00007ffb32570000 	C:\WINDOWS\System32\IMM32.DLL
0x00007ffb277a0000 - 0x00007ffb277ac000 	c:\Users\Tanesh\.vscode\extensions\redhat.java-1.8.0-win32-x64\jre\17.0.3-win32-x86_64\bin\vcruntime140_1.dll
0x00007ffae3250000 - 0x00007ffae32e1000 	c:\Users\Tanesh\.vscode\extensions\redhat.java-1.8.0-win32-x64\jre\17.0.3-win32-x86_64\bin\msvcp140.dll
0x00007ffabbee0000 - 0x00007ffabcb28000 	c:\Users\Tanesh\.vscode\extensions\redhat.java-1.8.0-win32-x64\jre\17.0.3-win32-x86_64\bin\server\jvm.dll
0x00007ffb33100000 - 0x00007ffb331ae000 	C:\WINDOWS\System32\ADVAPI32.dll
0x00007ffb32370000 - 0x00007ffb3240c000 	C:\WINDOWS\System32\sechost.dll
0x00007ffb33b40000 - 0x00007ffb33c65000 	C:\WINDOWS\System32\RPCRT4.dll
0x00007ffb33c70000 - 0x00007ffb33c78000 	C:\WINDOWS\System32\PSAPI.DLL
0x00007ffb086f0000 - 0x00007ffb08717000 	C:\WINDOWS\SYSTEM32\WINMM.dll
0x00007ffb2a3b0000 - 0x00007ffb2a3ba000 	C:\WINDOWS\SYSTEM32\VERSION.dll
0x00007ffb19ff0000 - 0x00007ffb19ff9000 	C:\WINDOWS\SYSTEM32\WSOCK32.dll
0x00007ffb33090000 - 0x00007ffb330fb000 	C:\WINDOWS\System32\ws2_32.DLL
0x00007ffb2f870000 - 0x00007ffb2f882000 	C:\WINDOWS\SYSTEM32\kernel.appcore.dll
0x00007ffb1cb40000 - 0x00007ffb1cb4a000 	c:\Users\Tanesh\.vscode\extensions\redhat.java-1.8.0-win32-x64\jre\17.0.3-win32-x86_64\bin\jimage.dll
0x00007ffb2d5d0000 - 0x00007ffb2d7b4000 	C:\WINDOWS\SYSTEM32\DBGHELP.DLL
0x00007ffb2a440000 - 0x00007ffb2a46c000 	C:\WINDOWS\SYSTEM32\dbgcore.DLL
0x00007ffb320d0000 - 0x00007ffb32152000 	C:\WINDOWS\System32\bcryptPrimitives.dll
0x00007ffb01e40000 - 0x00007ffb01e65000 	c:\Users\Tanesh\.vscode\extensions\redhat.java-1.8.0-win32-x64\jre\17.0.3-win32-x86_64\bin\java.dll
0x00007ffb02de0000 - 0x00007ffb02df8000 	c:\Users\Tanesh\.vscode\extensions\redhat.java-1.8.0-win32-x64\jre\17.0.3-win32-x86_64\bin\zip.dll
0x00007ffb331b0000 - 0x00007ffb338f4000 	C:\WINDOWS\System32\SHELL32.dll
0x00007ffb2fa70000 - 0x00007ffb30204000 	C:\WINDOWS\SYSTEM32\windows.storage.dll
0x00007ffb326d0000 - 0x00007ffb32a24000 	C:\WINDOWS\System32\combase.dll
0x00007ffb313d0000 - 0x00007ffb313fc000 	C:\WINDOWS\SYSTEM32\Wldp.dll
0x00007ffb32ec0000 - 0x00007ffb32f6d000 	C:\WINDOWS\System32\SHCORE.dll
0x00007ffb32430000 - 0x00007ffb32485000 	C:\WINDOWS\System32\shlwapi.dll
0x00007ffb318b0000 - 0x00007ffb318cf000 	C:\WINDOWS\SYSTEM32\profapi.dll
0x00007ffb023a0000 - 0x00007ffb023b9000 	C:\Users\Tanesh\.vscode\extensions\redhat.java-1.8.0-win32-x64\jre\17.0.3-win32-x86_64\bin\net.dll
0x00007ffb28150000 - 0x00007ffb2825a000 	C:\WINDOWS\SYSTEM32\WINHTTP.dll
0x00007ffb31130000 - 0x00007ffb3119a000 	C:\WINDOWS\system32\mswsock.dll
0x00007ffb02310000 - 0x00007ffb02325000 	C:\Users\Tanesh\.vscode\extensions\redhat.java-1.8.0-win32-x64\jre\17.0.3-win32-x86_64\bin\nio.dll
0x00007ffaf8cc0000 - 0x00007ffaf8cfe000 	C:\Users\Tanesh\AppData\Roaming\Code\User\globalStorage\redhat.java\1.8.0\config_win\org.eclipse.equinox.launcher\org.eclipse.equinox.launcher.win32.win32.x86_64_1.2.500.v20220509-0833\eclipse_11700.dll
0x00007ffb32d90000 - 0x00007ffb32eba000 	C:\WINDOWS\System32\ole32.dll
0x00007ffb1a530000 - 0x00007ffb1a540000 	c:\Users\Tanesh\.vscode\extensions\redhat.java-1.8.0-win32-x64\jre\17.0.3-win32-x86_64\bin\verify.dll
0x00007ffb31330000 - 0x00007ffb31348000 	C:\WINDOWS\SYSTEM32\CRYPTSP.dll
0x00007ffb30a40000 - 0x00007ffb30a74000 	C:\WINDOWS\system32\rsaenh.dll
0x00007ffb31970000 - 0x00007ffb31997000 	C:\WINDOWS\System32\bcrypt.dll
0x00007ffb31870000 - 0x00007ffb3189e000 	C:\WINDOWS\SYSTEM32\USERENV.dll
0x00007ffb31320000 - 0x00007ffb3132c000 	C:\WINDOWS\SYSTEM32\CRYPTBASE.dll
0x00007ffb30dd0000 - 0x00007ffb30e0b000 	C:\WINDOWS\SYSTEM32\IPHLPAPI.DLL
0x00007ffb32d80000 - 0x00007ffb32d88000 	C:\WINDOWS\System32\NSI.dll
0x00007ffb2bc50000 - 0x00007ffb2bc67000 	C:\WINDOWS\SYSTEM32\dhcpcsvc6.DLL
0x00007ffb2bc30000 - 0x00007ffb2bc4d000 	C:\WINDOWS\SYSTEM32\dhcpcsvc.DLL
0x00007ffb30e10000 - 0x00007ffb30edb000 	C:\WINDOWS\SYSTEM32\DNSAPI.dll
0x00007ffaf8910000 - 0x00007ffaf8954000 	C:\Users\Tanesh\AppData\Local\Temp\jna--1797159335\jna4176537642173568007.dll
0x00007ffb1a300000 - 0x00007ffb1a30e000 	C:\Users\Tanesh\.vscode\extensions\redhat.java-1.8.0-win32-x64\jre\17.0.3-win32-x86_64\bin\sunmscapi.dll
0x00007ffb31b90000 - 0x00007ffb31ce6000 	C:\WINDOWS\System32\CRYPT32.dll
0x00007ffb31440000 - 0x00007ffb31467000 	C:\WINDOWS\SYSTEM32\ncrypt.dll
0x00007ffb31400000 - 0x00007ffb3143b000 	C:\WINDOWS\SYSTEM32\NTASN1.dll
0x00007ffb283d0000 - 0x00007ffb283da000 	C:\Windows\System32\rasadhlp.dll
0x00007ffb27ff0000 - 0x00007ffb28070000 	C:\WINDOWS\System32\fwpuclnt.dll

dbghelp: loaded successfully - version: 4.0.5 - missing functions: none
symbol engine: initialized successfully - sym options: 0x614 - pdb path: .;c:\Users\Tanesh\.vscode\extensions\redhat.java-1.8.0-win32-x64\jre\17.0.3-win32-x86_64\bin;C:\WINDOWS\SYSTEM32;C:\WINDOWS\WinSxS\amd64_microsoft.windows.common-controls_6595b64144ccf1df_6.0.19041.1110_none_60b5254171f9507e;c:\Users\Tanesh\.vscode\extensions\redhat.java-1.8.0-win32-x64\jre\17.0.3-win32-x86_64\bin\server;C:\Users\Tanesh\AppData\Roaming\Code\User\globalStorage\redhat.java\1.8.0\config_win\org.eclipse.equinox.launcher\org.eclipse.equinox.launcher.win32.win32.x86_64_1.2.500.v20220509-0833;C:\Users\Tanesh\AppData\Local\Temp\jna--1797159335

VM Arguments:
jvm_args: --add-modules=ALL-SYSTEM --add-opens=java.base/java.util=ALL-UNNAMED --add-opens=java.base/java.lang=ALL-UNNAMED --add-opens=java.base/sun.nio.fs=ALL-UNNAMED -Declipse.application=org.eclipse.jdt.ls.core.id1 -Dosgi.bundles.defaultStartLevel=4 -Declipse.product=org.eclipse.jdt.ls.core.product -Djava.import.generatesMetadataFilesAtProjectRoot=false -Dfile.encoding=utf8 -DwatchParentProcess=false -XX:+UseParallelGC -XX:GCTimeRatio=4 -XX:AdaptiveSizePolicyWeight=90 -Dsun.zip.disableMemoryMapping=true -Xmx1G -Xms100m -XX:+HeapDumpOnOutOfMemoryError -XX:HeapDumpPath=c:\Users\Tanesh\AppData\Roaming\Code\User\workspaceStorage\1fd0c22128ff8ac9e9743a637f3076f4\redhat.java 
java_command: c:\Users\Tanesh\.vscode\extensions\redhat.java-1.8.0-win32-x64\server\plugins\org.eclipse.equinox.launcher_1.6.400.v20210924-0641.jar -configuration c:\Users\Tanesh\AppData\Roaming\Code\User\globalStorage\redhat.java\1.8.0\config_win -data c:\Users\Tanesh\AppData\Roaming\Code\User\workspaceStorage\1fd0c22128ff8ac9e9743a637f3076f4\redhat.java\jdt_ws
java_class_path (initial): c:\Users\Tanesh\.vscode\extensions\redhat.java-1.8.0-win32-x64\server\plugins\org.eclipse.equinox.launcher_1.6.400.v20210924-0641.jar
Launcher Type: SUN_STANDARD

[Global flags]
    uintx AdaptiveSizePolicyWeight                 = 90                                        {product} {command line}
     intx CICompilerCount                          = 4                                         {product} {ergonomic}
    uintx GCTimeRatio                              = 4                                         {product} {command line}
     bool HeapDumpOnOutOfMemoryError               = true                                   {manageable} {command line}
    ccstr HeapDumpPath                             = c:\Users\Tanesh\AppData\Roaming\Code\User\workspaceStorage\1fd0c22128ff8ac9e9743a637f3076f4\redhat.java         {manageable} {command line}
   size_t InitialHeapSize                          = 104857600                                 {product} {command line}
   size_t MaxHeapSize                              = 1073741824                                {product} {command line}
   size_t MaxNewSize                               = 357564416                                 {product} {ergonomic}
   size_t MinHeapDeltaBytes                        = 524288                                    {product} {ergonomic}
   size_t MinHeapSize                              = 104857600                                 {product} {command line}
   size_t NewSize                                  = 34603008                                  {product} {ergonomic}
    uintx NonNMethodCodeHeapSize                   = 5839372                                {pd product} {ergonomic}
    uintx NonProfiledCodeHeapSize                  = 122909434                              {pd product} {ergonomic}
   size_t OldSize                                  = 70254592                                  {product} {ergonomic}
    uintx ProfiledCodeHeapSize                     = 122909434                              {pd product} {ergonomic}
    uintx ReservedCodeCacheSize                    = 251658240                              {pd product} {ergonomic}
     bool SegmentedCodeCache                       = true                                      {product} {ergonomic}
   size_t SoftMaxHeapSize                          = 1073741824                             {manageable} {ergonomic}
     bool UseCompressedClassPointers               = true                           {product lp64_product} {ergonomic}
     bool UseCompressedOops                        = true                           {product lp64_product} {ergonomic}
     bool UseLargePagesIndividualAllocation        = false                                  {pd product} {ergonomic}
     bool UseParallelGC                            = true                                      {product} {command line}

Logging:
Log output configuration:
 #0: stdout all=warning uptime,level,tags
 #1: stderr all=off uptime,level,tags

Environment Variables:
PATH=C:\Program Files\Common Files\Oracle\Java\javapath;C:\Program Files (x86)\Common Files\Oracle\Java\javapath;C:\WINDOWS\system32;C:\WINDOWS;C:\WINDOWS\System32\Wbem;C:\WINDOWS\System32\WindowsPowerShell\v1.0\;C:\WINDOWS\System32\OpenSSH\;C:\Program Files\Git\cmd;C:\Program Files\Microsoft SQL Server\Client SDK\ODBC\170\Tools\Binn\;C:\Program Files (x86)\Microsoft SQL Server\150\Tools\Binn\;C:\Program Files\Microsoft SQL Server\150\Tools\Binn\;C:\Program Files\Microsoft SQL Server\150\DTS\Binn\;C:\Program Files\Microsoft SQL Server\130\Tools\Binn\;C:\Program Files (x86)\Calibre2\;C:\Program Files\nodejs\;C:\Users\Tanesh\AppData\Local\Programs\Python\Python38\Scripts\;C:\Users\Tanesh\AppData\Local\Programs\Python\Python38\;C:\Users\Tanesh\AppData\Local\Programs\Python\Python39\Scripts\;C:\Users\Tanesh\AppData\Local\Programs\Python\Python39\;C:\Users\Tanesh\AppData\Local\Microsoft\WindowsApps;;C:\Users\Tanesh\AppData\Local\Programs\Microsoft VS Code\bin;C:\Program Files\Azure Data Studio\bin;C:\Users\Tanesh\AppData\Roaming\npm
USERNAME=Tanesh
OS=Windows_NT
PROCESSOR_IDENTIFIER=Intel64 Family 6 Model 142 Stepping 12, GenuineIntel



---------------  S Y S T E M  ---------------

OS:
 Windows 10 , 64 bit Build 19041 (10.0.19041.1741)
OS uptime: 17 days 16:53 hours

CPU: total 8 (initial active 8) (4 cores per cpu, 2 threads per core) family 6 model 142 stepping 12 microcode 0xde, cx8, cmov, fxsr, ht, mmx, 3dnowpref, sse, sse2, sse3, ssse3, sse4.1, sse4.2, popcnt, lzcnt, tsc, tscinvbit, avx, avx2, aes, erms, clmul, bmi1, bmi2, adx, fma, vzeroupper, clflush, clflushopt

Memory: 4k page, system-wide physical 8025M (1356M free)
TotalPageFile size 18265M (AvailPageFile size 7857M)
current process WorkingSet (physical memory assigned to process): 686M, peak: 818M
current process commit charge ("private bytes"): 588M, peak: 765M

vm_info: OpenJDK 64-Bit Server VM (17.0.3+7) for windows-amd64 JRE (17.0.3+7), built on Apr 19 2022 16:55:35 by "" with MS VC++ 16.7 (VS2019)

END.
